<?xml version="1.0" encoding="UTF-8"?>
<testng-results ignored="0" total="1" passed="1" failed="0" skipped="0">
  <reporter-output>
  </reporter-output>
  <suite started-at="2024-12-21T11:41:15 IST" name="Suite" finished-at="2024-12-21T11:41:22 IST" duration-ms="6976">
    <groups>
    </groups>
    <test started-at="2024-12-21T11:41:15 IST" name="Test" finished-at="2024-12-21T11:41:22 IST" duration-ms="6976">
      <class name="testcase.TC_REG_001">
        <test-method is-config="true" signature="setup()[pri:0, instance:testcase.TC_REG_001@41fbdac4]" started-at="2024-12-21T11:41:15 IST" name="setup" finished-at="2024-12-21T11:41:20 IST" duration-ms="4311" status="PASS">
          <reporter-output>
          </reporter-output>
        </test-method> <!-- setup -->
        <test-method signature="registration_succesful()[pri:0, instance:testcase.TC_REG_001@41fbdac4]" started-at="2024-12-21T11:41:20 IST" name="registration_succesful" finished-at="2024-12-21T11:41:22 IST" duration-ms="2296" status="PASS">
          <reporter-output>
          </reporter-output>
        </test-method> <!-- registration_succesful -->
        <test-method is-config="true" signature="teardown()[pri:0, instance:testcase.TC_REG_001@41fbdac4]" started-at="2024-12-21T11:41:22 IST" name="teardown" finished-at="2024-12-21T11:41:22 IST" duration-ms="278" status="PASS">
          <reporter-output>
          </reporter-output>
        </test-method> <!-- teardown -->
      </class> <!-- testcase.TC_REG_001 -->
    </test> <!-- Test -->
  </suite> <!-- Suite -->
</testng-results>
