<?xml version="1.0" encoding="UTF-8"?>
<testng-results ignored="0" total="1" passed="1" failed="0" skipped="0">
  <reporter-output>
  </reporter-output>
  <suite started-at="2024-12-21T11:12:50 IST" name="Default suite" finished-at="2024-12-21T11:12:56 IST" duration-ms="5890">
    <groups>
    </groups>
    <test started-at="2024-12-21T11:12:50 IST" name="Default test" finished-at="2024-12-21T11:12:56 IST" duration-ms="5890">
      <class name="testcase.TC_REG_001">
        <test-method is-config="true" signature="setup()[pri:0, instance:testcase.TC_REG_001@60099951]" started-at="2024-12-21T11:12:50 IST" name="setup" finished-at="2024-12-21T11:12:54 IST" duration-ms="3359" status="PASS">
          <reporter-output>
          </reporter-output>
        </test-method> <!-- setup -->
        <test-method signature="registration_succesful()[pri:0, instance:testcase.TC_REG_001@60099951]" started-at="2024-12-21T11:12:54 IST" name="registration_succesful" finished-at="2024-12-21T11:12:56 IST" duration-ms="2131" status="PASS">
          <reporter-output>
          </reporter-output>
        </test-method> <!-- registration_succesful -->
        <test-method is-config="true" signature="teardown()[pri:0, instance:testcase.TC_REG_001@60099951]" started-at="2024-12-21T11:12:56 IST" name="teardown" finished-at="2024-12-21T11:12:56 IST" duration-ms="320" status="PASS">
          <reporter-output>
          </reporter-output>
        </test-method> <!-- teardown -->
      </class> <!-- testcase.TC_REG_001 -->
    </test> <!-- Default test -->
  </suite> <!-- Default suite -->
</testng-results>
